2020-02-09 12:59:00 [INFO] home 董玉涛 - admin于2020-02-09 12:59:00登录系统
2020-02-09 12:59:53 [DEBUG] home 董玉涛 - 保存洒水计划：0球场24区域洒水计划27-0，调度时间2020-02-10 20:00:00
2020-02-09 12:59:53 [DEBUG] home 董玉涛 - 保存洒水计划：0球场24区域洒水计划27-1，调度时间2020-02-12 20:00:00
2020-02-09 12:59:53 [DEBUG] home 董玉涛 - 保存洒水计划：0球场24区域洒水计划27-2，调度时间2020-02-14 20:00:00
2020-02-09 12:59:53 [INFO] home 董玉涛 - 新增0球场24区域洒水计划plan_id=27
2020-02-09 13:33:45 [INFO] home 董玉涛 - admin于2020-02-09 13:33:45登录系统
2020-02-09 13:33:55 [DEBUG] home 董玉涛 - 保存新洒水计划，取消之前计划27-0
2020-02-09 13:33:55 [DEBUG] home 董玉涛 - 保存新洒水计划，取消之前计划27-1
2020-02-09 13:33:55 [DEBUG] home 董玉涛 - 保存新洒水计划，取消之前计划27-2
2020-02-09 13:33:55 [DEBUG] home 董玉涛 - 保存洒水计划：0球场24区域洒水计划27-0，调度时间2020-02-10 20:00:00
2020-02-09 13:33:55 [DEBUG] home 董玉涛 - 保存洒水计划：0球场24区域洒水计划27-1，调度时间2020-02-12 20:00:00
2020-02-09 13:33:55 [INFO] home 董玉涛 - 更新0球场24区域洒水计划plan_id=27
2020-02-09 13:34:12 [DEBUG] home 董玉涛 - 保存新洒水计划，取消之前计划27-1
2020-02-09 13:34:12 [DEBUG] home 董玉涛 - 保存新洒水计划，取消之前计划27-0
2020-02-09 13:34:12 [DEBUG] home 董玉涛 - 保存洒水计划：0球场24区域洒水计划27-0，调度时间2020-02-10 20:00:00
2020-02-09 13:34:12 [DEBUG] home 董玉涛 - 保存洒水计划：0球场24区域洒水计划27-1，调度时间2020-02-12 20:00:00
2020-02-09 13:34:12 [INFO] home 董玉涛 - 更新0球场24区域洒水计划plan_id=27
2020-02-09 13:38:29 [DEBUG] home 董玉涛 - 保存洒水计划：13球场16区域洒水计划28-0，调度时间2020-02-10 10:00:00
2020-02-09 13:38:29 [INFO] home 董玉涛 - 新增13球场16区域洒水计划plan_id=28
2020-02-09 13:39:53 [DEBUG] home 董玉涛 - 在取消所有洒水计划操作中，取消洒水计划28-0，调度时间2020-2-10 10:0:00
2020-02-09 13:39:53 [DEBUG] home 董玉涛 - 在取消所有洒水计划操作中，取消洒水计划27-1，调度时间2020-2-12 20:0:00
2020-02-09 13:39:53 [DEBUG] home 董玉涛 - 在取消所有洒水计划操作中，取消洒水计划27-0，调度时间2020-2-10 20:0:00
2020-02-09 13:39:53 [INFO] home 董玉涛 - admin于2020-02-09 13:39:53取消所有洒水计划
